<?xml version="1.0" encoding="UTF-8"?>

<mule xmlns:http="http://www.mulesoft.org/schema/mule/http" xmlns="http://www.mulesoft.org/schema/mule/core"
	xmlns:doc="http://www.mulesoft.org/schema/mule/documentation"
	xmlns:xsi="http://www.w3.org/2001/XMLSchema-instance" xsi:schemaLocation="http://www.mulesoft.org/schema/mule/core http://www.mulesoft.org/schema/mule/core/current/mule.xsd
http://www.mulesoft.org/schema/mule/http http://www.mulesoft.org/schema/mule/http/current/mule-http.xsd">
	<http:listener-config name="HTTP_Listener_config" doc:name="HTTP Listener config" doc:id="69ba7217-e241-4bcf-bd41-a4a4f67d09d1" >
		<http:listener-connection host="0.0.0.0" port="8081" />
	</http:listener-config>
	<flow name="test-1Flow" doc:id="3cb253f9-b00e-452f-957e-72035af85f1a" >
		<http:listener doc:name="Listener" doc:id="76dc6b20-2b66-4e51-bd5f-4c91d178dedc" config-ref="HTTP_Listener_config" path="/sample"/>
		<logger level="INFO" doc:name="Logger" doc:id="98015052-ecc9-4868-a86d-6c5d44b031e9" />
	</flow>
</mule>
